mobile/android/app/build/intermediates/manifest_merge_blame_file/debug/manifest-merger-blame-debug-report.txt
1<?xml version="1.0" encoding="utf-8"?>
2<manifest xmlns:android="http://schemas.android.com/apk/res/android"
3    package="com.zerohook.app"
4    android:versionCode="1"
5    android:versionName="1.0.0" >
6
7    <uses-sdk
8        android:minSdkVersion="26"
9        android:targetSdkVersion="35" />
10
11    <!-- Permissions -->
12    <uses-permission android:name="android.permission.INTERNET" />
12-->src\main\AndroidManifest.xml:6:5-67
12-->src\main\AndroidManifest.xml:6:22-64
13    <uses-permission android:name="android.permission.ACCESS_NETWORK_STATE" />
13-->src\main\AndroidManifest.xml:7:5-79
13-->src\main\AndroidManifest.xml:7:22-76
14    <uses-permission android:name="android.permission.ACCESS_FINE_LOCATION" />
14-->src\main\AndroidManifest.xml:8:5-79
14-->src\main\AndroidManifest.xml:8:22-76
15    <uses-permission android:name="android.permission.ACCESS_COARSE_LOCATION" />
15-->src\main\AndroidManifest.xml:9:5-81
15-->src\main\AndroidManifest.xml:9:22-78
16    <uses-permission android:name="android.permission.CAMERA" />
16-->src\main\AndroidManifest.xml:10:5-65
16-->src\main\AndroidManifest.xml:10:22-62
17    <uses-permission android:name="android.permission.RECORD_AUDIO" />
17-->src\main\AndroidManifest.xml:11:5-71
17-->src\main\AndroidManifest.xml:11:22-68
18    <uses-permission android:name="android.permission.MODIFY_AUDIO_SETTINGS" />
18-->src\main\AndroidManifest.xml:12:5-80
18-->src\main\AndroidManifest.xml:12:22-77
19    <uses-permission
19-->src\main\AndroidManifest.xml:13:5-14:38
20        android:name="android.permission.READ_EXTERNAL_STORAGE"
20-->src\main\AndroidManifest.xml:13:22-77
21        android:maxSdkVersion="32" />
21-->src\main\AndroidManifest.xml:14:9-35
22    <uses-permission
22-->src\main\AndroidManifest.xml:15:5-16:38
23        android:name="android.permission.WRITE_EXTERNAL_STORAGE"
23-->src\main\AndroidManifest.xml:15:22-78
24        android:maxSdkVersion="32" />
24-->src\main\AndroidManifest.xml:16:9-35
25    <uses-permission android:name="android.permission.READ_MEDIA_IMAGES" />
25-->src\main\AndroidManifest.xml:17:5-76
25-->src\main\AndroidManifest.xml:17:22-73
26    <uses-permission android:name="android.permission.POST_NOTIFICATIONS" />
26-->src\main\AndroidManifest.xml:18:5-77
26-->src\main\AndroidManifest.xml:18:22-74
27    <uses-permission android:name="android.permission.VIBRATE" />
27-->src\main\AndroidManifest.xml:19:5-66
27-->src\main\AndroidManifest.xml:19:22-63
28    <uses-permission android:name="android.permission.FOREGROUND_SERVICE" />
28-->src\main\AndroidManifest.xml:20:5-77
28-->src\main\AndroidManifest.xml:20:22-74
29    <uses-permission android:name="android.permission.FOREGROUND_SERVICE_CAMERA" />
29-->src\main\AndroidManifest.xml:21:5-84
29-->src\main\AndroidManifest.xml:21:22-81
30    <uses-permission android:name="android.permission.FOREGROUND_SERVICE_MICROPHONE" />
30-->src\main\AndroidManifest.xml:22:5-88
30-->src\main\AndroidManifest.xml:22:22-85
31    <uses-permission android:name="android.permission.USE_BIOMETRIC" />
31-->src\main\AndroidManifest.xml:23:5-72
31-->src\main\AndroidManifest.xml:23:22-69
32
33    <!-- Hardware features — none required so the app installs on all devices -->
34    <uses-feature
34-->src\main\AndroidManifest.xml:26:5-85
35        android:name="android.hardware.camera"
35-->src\main\AndroidManifest.xml:26:19-57
36        android:required="false" />
36-->src\main\AndroidManifest.xml:26:58-82
37    <uses-feature
37-->src\main\AndroidManifest.xml:27:5-95
38        android:name="android.hardware.camera.autofocus"
38-->src\main\AndroidManifest.xml:27:19-67
39        android:required="false" />
39-->src\main\AndroidManifest.xml:27:68-92
40    <uses-feature
40-->src\main\AndroidManifest.xml:28:5-89
41        android:name="android.hardware.microphone"
41-->src\main\AndroidManifest.xml:28:19-61
42        android:required="false" />
42-->src\main\AndroidManifest.xml:28:62-86
43    <uses-feature
43-->src\main\AndroidManifest.xml:29:5-87
44        android:name="android.hardware.location"
44-->src\main\AndroidManifest.xml:29:19-59
45        android:required="false" />
45-->src\main\AndroidManifest.xml:29:60-84
46    <uses-feature
46-->src\main\AndroidManifest.xml:30:5-91
47        android:name="android.hardware.location.gps"
47-->src\main\AndroidManifest.xml:30:19-63
48        android:required="false" />
48-->src\main\AndroidManifest.xml:30:64-88
49    <uses-feature
49-->src\main\AndroidManifest.xml:31:5-90
50        android:name="android.hardware.fingerprint"
50-->src\main\AndroidManifest.xml:31:19-62
51        android:required="false" />
51-->src\main\AndroidManifest.xml:31:63-87
52
53    <!-- suppress DeprecatedClassUsageInspection -->
54    <uses-permission android:name="android.permission.USE_FINGERPRINT" />
54-->[androidx.biometric:biometric:1.1.0] AndroidManifest.xml:27:5-74
54-->[androidx.biometric:biometric:1.1.0] AndroidManifest.xml:27:22-71
55    <uses-permission android:name="android.permission.WAKE_LOCK" /> <!-- Required by older versions of Google Play services to create IID tokens -->
55-->[com.google.firebase:firebase-messaging:23.4.0] AndroidManifest.xml:24:5-68
55-->[com.google.firebase:firebase-messaging:23.4.0] AndroidManifest.xml:24:22-65
56    <uses-permission android:name="com.google.android.c2dm.permission.RECEIVE" />
56-->[com.google.firebase:firebase-messaging:23.4.0] AndroidManifest.xml:26:5-82
56-->[com.google.firebase:firebase-messaging:23.4.0] AndroidManifest.xml:26:22-79
57    <uses-permission android:name="android.permission.RECEIVE_BOOT_COMPLETED" />
57-->[androidx.work:work-runtime:2.9.0] AndroidManifest.xml:25:5-81
57-->[androidx.work:work-runtime:2.9.0] AndroidManifest.xml:25:22-78
58
59    <permission
59-->[androidx.core:core:1.12.0] AndroidManifest.xml:22:5-24:47
60        android:name="com.zerohook.app.DYNAMIC_RECEIVER_NOT_EXPORTED_PERMISSION"
60-->[androidx.core:core:1.12.0] AndroidManifest.xml:23:9-81
61        android:protectionLevel="signature" />
61-->[androidx.core:core:1.12.0] AndroidManifest.xml:24:9-44
62
63    <uses-permission android:name="com.zerohook.app.DYNAMIC_RECEIVER_NOT_EXPORTED_PERMISSION" />
63-->[androidx.core:core:1.12.0] AndroidManifest.xml:26:5-97
63-->[androidx.core:core:1.12.0] AndroidManifest.xml:26:22-94
64
65    <application
65-->src\main\AndroidManifest.xml:33:5-109:19
66        android:name="com.zerohook.app.ZerohookApplication"
66-->src\main\AndroidManifest.xml:34:9-44
67        android:allowBackup="false"
67-->src\main\AndroidManifest.xml:35:9-36
68        android:appComponentFactory="androidx.core.app.CoreComponentFactory"
68-->[androidx.core:core:1.12.0] AndroidManifest.xml:28:18-86
69        android:debuggable="true"
70        android:extractNativeLibs="false"
71        android:icon="@mipmap/ic_launcher"
71-->src\main\AndroidManifest.xml:36:9-43
72        android:label="@string/app_name"
72-->src\main\AndroidManifest.xml:37:9-41
73        android:networkSecurityConfig="@xml/network_security_config"
73-->src\main\AndroidManifest.xml:41:9-69
74        android:roundIcon="@mipmap/ic_launcher_round"
74-->src\main\AndroidManifest.xml:38:9-54
75        android:supportsRtl="true"
75-->src\main\AndroidManifest.xml:39:9-35
76        android:theme="@style/Theme.Zerohook"
76-->src\main\AndroidManifest.xml:40:9-46
77        android:usesCleartextTraffic="false" >
77-->src\main\AndroidManifest.xml:42:9-45
78
79        <!-- Main Activity -->
80        <activity
80-->src\main\AndroidManifest.xml:46:9-65:20
81            android:name="com.zerohook.app.MainActivity"
81-->src\main\AndroidManifest.xml:47:13-41
82            android:exported="true"
82-->src\main\AndroidManifest.xml:48:13-36
83            android:screenOrientation="portrait"
83-->src\main\AndroidManifest.xml:50:13-49
84            android:theme="@style/Theme.Zerohook.Splash"
84-->src\main\AndroidManifest.xml:49:13-57
85            android:windowSoftInputMode="adjustResize" >
85-->src\main\AndroidManifest.xml:51:13-55
86            <intent-filter>
86-->src\main\AndroidManifest.xml:52:13-55:29
87                <action android:name="android.intent.action.MAIN" />
87-->src\main\AndroidManifest.xml:53:17-69
87-->src\main\AndroidManifest.xml:53:25-66
88
89                <category android:name="android.intent.category.LAUNCHER" />
89-->src\main\AndroidManifest.xml:54:17-77
89-->src\main\AndroidManifest.xml:54:27-74
90            </intent-filter>
91
92            <!-- Deep links -->
93            <intent-filter android:autoVerify="true" >
93-->src\main\AndroidManifest.xml:58:13-64:29
93-->src\main\AndroidManifest.xml:58:28-53
94                <action android:name="android.intent.action.VIEW" />
94-->src\main\AndroidManifest.xml:59:17-69
94-->src\main\AndroidManifest.xml:59:25-66
95
96                <category android:name="android.intent.category.DEFAULT" />
96-->src\main\AndroidManifest.xml:60:17-76
96-->src\main\AndroidManifest.xml:60:27-73
97                <category android:name="android.intent.category.BROWSABLE" />
97-->src\main\AndroidManifest.xml:61:17-78
97-->src\main\AndroidManifest.xml:61:27-75
98
99                <data
99-->src\main\AndroidManifest.xml:62:17-76
100                    android:host="zerohook.com"
100-->src\main\AndroidManifest.xml:62:46-73
101                    android:scheme="https" />
101-->src\main\AndroidManifest.xml:62:23-45
102                <data android:scheme="zerohook" />
102-->src\main\AndroidManifest.xml:62:17-76
102-->src\main\AndroidManifest.xml:62:23-45
103            </intent-filter>
104        </activity>
105
106        <!-- Video Call Service -->
107        <service
107-->src\main\AndroidManifest.xml:68:9-71:40
108            android:name="com.zerohook.app.features.call.service.VideoCallService"
108-->src\main\AndroidManifest.xml:69:13-67
109            android:exported="false"
109-->src\main\AndroidManifest.xml:71:13-37
110            android:foregroundServiceType="camera|microphone" />
110-->src\main\AndroidManifest.xml:70:13-62
111
112        <!-- Firebase Cloud Messaging (push notifications when app is killed) -->
113        <service
113-->src\main\AndroidManifest.xml:74:9-80:19
114            android:name="com.zerohook.app.services.ZerohookFirebaseMessaging"
114-->src\main\AndroidManifest.xml:75:13-63
115            android:exported="false" >
115-->src\main\AndroidManifest.xml:76:13-37
116            <intent-filter>
116-->src\main\AndroidManifest.xml:77:13-79:29
117                <action android:name="com.google.firebase.MESSAGING_EVENT" />
117-->src\main\AndroidManifest.xml:78:17-78
117-->src\main\AndroidManifest.xml:78:25-75
118            </intent-filter>
119        </service>
120
121        <receiver
121-->src\main\AndroidManifest.xml:82:9-84:40
122            android:name="com.zerohook.app.receivers.CallNotificationActionReceiver"
122-->src\main\AndroidManifest.xml:83:13-69
123            android:exported="false" />
123-->src\main\AndroidManifest.xml:84:13-37
124
125        <!-- Background Sync Worker -->
126        <provider
127            android:name="androidx.startup.InitializationProvider"
127-->src\main\AndroidManifest.xml:88:13-67
128            android:authorities="com.zerohook.app.androidx-startup"
128-->src\main\AndroidManifest.xml:89:13-68
129            android:exported="false" >
129-->src\main\AndroidManifest.xml:90:13-37
130            <meta-data
130-->[androidx.emoji2:emoji2:1.4.0] AndroidManifest.xml:29:13-31:52
131                android:name="androidx.emoji2.text.EmojiCompatInitializer"
131-->[androidx.emoji2:emoji2:1.4.0] AndroidManifest.xml:30:17-75
132                android:value="androidx.startup" />
132-->[androidx.emoji2:emoji2:1.4.0] AndroidManifest.xml:31:17-49
133            <meta-data
133-->[androidx.lifecycle:lifecycle-process:2.6.2] AndroidManifest.xml:29:13-31:52
134                android:name="androidx.lifecycle.ProcessLifecycleInitializer"
134-->[androidx.lifecycle:lifecycle-process:2.6.2] AndroidManifest.xml:30:17-78
135                android:value="androidx.startup" />
135-->[androidx.lifecycle:lifecycle-process:2.6.2] AndroidManifest.xml:31:17-49
136            <meta-data
136-->[androidx.profileinstaller:profileinstaller:1.3.1] AndroidManifest.xml:29:13-31:52
137                android:name="androidx.profileinstaller.ProfileInstallerInitializer"
137-->[androidx.profileinstaller:profileinstaller:1.3.1] AndroidManifest.xml:30:17-85
138                android:value="androidx.startup" />
138-->[androidx.profileinstaller:profileinstaller:1.3.1] AndroidManifest.xml:31:17-49
139        </provider>
140
141        <!-- FileProvider for camera/gallery -->
142        <provider
143            android:name="androidx.core.content.FileProvider"
143-->src\main\AndroidManifest.xml:100:13-62
144            android:authorities="com.zerohook.app.fileprovider"
144-->src\main\AndroidManifest.xml:101:13-64
145            android:exported="false"
145-->src\main\AndroidManifest.xml:102:13-37
146            android:grantUriPermissions="true" >
146-->src\main\AndroidManifest.xml:103:13-47
147            <meta-data
147-->src\main\AndroidManifest.xml:104:13-106:54
148                android:name="android.support.FILE_PROVIDER_PATHS"
148-->src\main\AndroidManifest.xml:105:17-67
149                android:resource="@xml/file_paths" />
149-->src\main\AndroidManifest.xml:106:17-51
150        </provider>
151
152        <service
152-->[com.google.firebase:firebase-messaging-ktx:23.4.0] AndroidManifest.xml:23:9-29:19
153            android:name="com.google.firebase.components.ComponentDiscoveryService"
153-->[com.google.firebase:firebase-messaging-ktx:23.4.0] AndroidManifest.xml:24:13-84
154            android:directBootAware="true"
154-->[com.google.firebase:firebase-common:20.4.2] AndroidManifest.xml:32:13-43
155            android:exported="false" >
155-->[com.google.firebase:firebase-messaging-ktx:23.4.0] AndroidManifest.xml:25:13-37
156            <meta-data
156-->[com.google.firebase:firebase-messaging-ktx:23.4.0] AndroidManifest.xml:26:13-28:85
157                android:name="com.google.firebase.components:com.google.firebase.messaging.ktx.FirebaseMessagingLegacyRegistrar"
157-->[com.google.firebase:firebase-messaging-ktx:23.4.0] AndroidManifest.xml:27:17-129
158                android:value="com.google.firebase.components.ComponentRegistrar" />
158-->[com.google.firebase:firebase-messaging-ktx:23.4.0] AndroidManifest.xml:28:17-82
159            <meta-data
159-->[com.google.firebase:firebase-messaging:23.4.0] AndroidManifest.xml:57:13-59:85
160                android:name="com.google.firebase.components:com.google.firebase.messaging.FirebaseMessagingKtxRegistrar"
160-->[com.google.firebase:firebase-messaging:23.4.0] AndroidManifest.xml:58:17-122
161                android:value="com.google.firebase.components.ComponentRegistrar" />
161-->[com.google.firebase:firebase-messaging:23.4.0] AndroidManifest.xml:59:17-82
162            <meta-data
162-->[com.google.firebase:firebase-messaging:23.4.0] AndroidManifest.xml:60:13-62:85
163                android:name="com.google.firebase.components:com.google.firebase.messaging.FirebaseMessagingRegistrar"
163-->[com.google.firebase:firebase-messaging:23.4.0] AndroidManifest.xml:61:17-119
164                android:value="com.google.firebase.components.ComponentRegistrar" />
164-->[com.google.firebase:firebase-messaging:23.4.0] AndroidManifest.xml:62:17-82
165            <meta-data
165-->[com.google.firebase:firebase-installations:17.2.0] AndroidManifest.xml:15:13-17:85
166                android:name="com.google.firebase.components:com.google.firebase.installations.FirebaseInstallationsKtxRegistrar"
166-->[com.google.firebase:firebase-installations:17.2.0] AndroidManifest.xml:16:17-130
167                android:value="com.google.firebase.components.ComponentRegistrar" />
167-->[com.google.firebase:firebase-installations:17.2.0] AndroidManifest.xml:17:17-82
168            <meta-data
168-->[com.google.firebase:firebase-installations:17.2.0] AndroidManifest.xml:18:13-20:85
169                android:name="com.google.firebase.components:com.google.firebase.installations.FirebaseInstallationsRegistrar"
169-->[com.google.firebase:firebase-installations:17.2.0] AndroidManifest.xml:19:17-127
170                android:value="com.google.firebase.components.ComponentRegistrar" />
170-->[com.google.firebase:firebase-installations:17.2.0] AndroidManifest.xml:20:17-82
171            <meta-data
171-->[com.google.firebase:firebase-common-ktx:20.4.2] AndroidManifest.xml:12:13-14:85
172                android:name="com.google.firebase.components:com.google.firebase.ktx.FirebaseCommonLegacyRegistrar"
172-->[com.google.firebase:firebase-common-ktx:20.4.2] AndroidManifest.xml:13:17-116
173                android:value="com.google.firebase.components.ComponentRegistrar" />
173-->[com.google.firebase:firebase-common-ktx:20.4.2] AndroidManifest.xml:14:17-82
174            <meta-data
174-->[com.google.firebase:firebase-common:20.4.2] AndroidManifest.xml:35:13-37:85
175                android:name="com.google.firebase.components:com.google.firebase.FirebaseCommonKtxRegistrar"
175-->[com.google.firebase:firebase-common:20.4.2] AndroidManifest.xml:36:17-109
176                android:value="com.google.firebase.components.ComponentRegistrar" />
176-->[com.google.firebase:firebase-common:20.4.2] AndroidManifest.xml:37:17-82
177            <meta-data
177-->[com.google.firebase:firebase-datatransport:18.1.7] AndroidManifest.xml:27:13-29:85
178                android:name="com.google.firebase.components:com.google.firebase.datatransport.TransportRegistrar"
178-->[com.google.firebase:firebase-datatransport:18.1.7] AndroidManifest.xml:28:17-115
179                android:value="com.google.firebase.components.ComponentRegistrar" />
179-->[com.google.firebase:firebase-datatransport:18.1.7] AndroidManifest.xml:29:17-82
180        </service>
181
182        <receiver
182-->[com.google.firebase:firebase-messaging:23.4.0] AndroidManifest.xml:29:9-40:20
183            android:name="com.google.firebase.iid.FirebaseInstanceIdReceiver"
183-->[com.google.firebase:firebase-messaging:23.4.0] AndroidManifest.xml:30:13-78
184            android:exported="true"
184-->[com.google.firebase:firebase-messaging:23.4.0] AndroidManifest.xml:31:13-36
185            android:permission="com.google.android.c2dm.permission.SEND" >
185-->[com.google.firebase:firebase-messaging:23.4.0] AndroidManifest.xml:32:13-73
186            <intent-filter>
186-->[com.google.firebase:firebase-messaging:23.4.0] AndroidManifest.xml:33:13-35:29
187                <action android:name="com.google.android.c2dm.intent.RECEIVE" />
187-->[com.google.firebase:firebase-messaging:23.4.0] AndroidManifest.xml:34:17-81
187-->[com.google.firebase:firebase-messaging:23.4.0] AndroidManifest.xml:34:25-78
188            </intent-filter>
189
190            <meta-data
190-->[com.google.firebase:firebase-messaging:23.4.0] AndroidManifest.xml:37:13-39:40
191                android:name="com.google.android.gms.cloudmessaging.FINISHED_AFTER_HANDLED"
191-->[com.google.firebase:firebase-messaging:23.4.0] AndroidManifest.xml:38:17-92
192                android:value="true" />
192-->[com.google.firebase:firebase-messaging:23.4.0] AndroidManifest.xml:39:17-37
193        </receiver>
194        <!--
195             FirebaseMessagingService performs security checks at runtime,
196             but set to not exported to explicitly avoid allowing another app to call it.
197        -->
198        <service
198-->[com.google.firebase:firebase-messaging:23.4.0] AndroidManifest.xml:46:9-53:19
199            android:name="com.google.firebase.messaging.FirebaseMessagingService"
199-->[com.google.firebase:firebase-messaging:23.4.0] AndroidManifest.xml:47:13-82
200            android:directBootAware="true"
200-->[com.google.firebase:firebase-messaging:23.4.0] AndroidManifest.xml:48:13-43
201            android:exported="false" >
201-->[com.google.firebase:firebase-messaging:23.4.0] AndroidManifest.xml:49:13-37
202            <intent-filter android:priority="-500" >
202-->src\main\AndroidManifest.xml:77:13-79:29
203                <action android:name="com.google.firebase.MESSAGING_EVENT" />
203-->src\main\AndroidManifest.xml:78:17-78
203-->src\main\AndroidManifest.xml:78:25-75
204            </intent-filter>
205        </service>
206
207        <activity
207-->[com.google.android.gms:play-services-base:18.1.0] AndroidManifest.xml:20:9-22:45
208            android:name="com.google.android.gms.common.api.GoogleApiActivity"
208-->[com.google.android.gms:play-services-base:18.1.0] AndroidManifest.xml:20:19-85
209            android:exported="false"
209-->[com.google.android.gms:play-services-base:18.1.0] AndroidManifest.xml:22:19-43
210            android:theme="@android:style/Theme.Translucent.NoTitleBar" />
210-->[com.google.android.gms:play-services-base:18.1.0] AndroidManifest.xml:21:19-78
211
212        <provider
212-->[com.google.firebase:firebase-common:20.4.2] AndroidManifest.xml:23:9-28:39
213            android:name="com.google.firebase.provider.FirebaseInitProvider"
213-->[com.google.firebase:firebase-common:20.4.2] AndroidManifest.xml:24:13-77
214            android:authorities="com.zerohook.app.firebaseinitprovider"
214-->[com.google.firebase:firebase-common:20.4.2] AndroidManifest.xml:25:13-72
215            android:directBootAware="true"
215-->[com.google.firebase:firebase-common:20.4.2] AndroidManifest.xml:26:13-43
216            android:exported="false"
216-->[com.google.firebase:firebase-common:20.4.2] AndroidManifest.xml:27:13-37
217            android:initOrder="100" />
217-->[com.google.firebase:firebase-common:20.4.2] AndroidManifest.xml:28:13-36
218
219        <service
219-->[androidx.room:room-runtime:2.6.1] AndroidManifest.xml:24:9-28:63
220            android:name="androidx.room.MultiInstanceInvalidationService"
220-->[androidx.room:room-runtime:2.6.1] AndroidManifest.xml:25:13-74
221            android:directBootAware="true"
221-->[androidx.room:room-runtime:2.6.1] AndroidManifest.xml:26:13-43
222            android:exported="false" />
222-->[androidx.room:room-runtime:2.6.1] AndroidManifest.xml:27:13-37
223        <service
223-->[androidx.work:work-runtime:2.9.0] AndroidManifest.xml:39:9-45:35
224            android:name="androidx.work.impl.background.systemalarm.SystemAlarmService"
224-->[androidx.work:work-runtime:2.9.0] AndroidManifest.xml:40:13-88
225            android:directBootAware="false"
225-->[androidx.work:work-runtime:2.9.0] AndroidManifest.xml:41:13-44
226            android:enabled="@bool/enable_system_alarm_service_default"
226-->[androidx.work:work-runtime:2.9.0] AndroidManifest.xml:42:13-72
227            android:exported="false" />
227-->[androidx.work:work-runtime:2.9.0] AndroidManifest.xml:43:13-37
228        <service
228-->[androidx.work:work-runtime:2.9.0] AndroidManifest.xml:46:9-52:35
229            android:name="androidx.work.impl.background.systemjob.SystemJobService"
229-->[androidx.work:work-runtime:2.9.0] AndroidManifest.xml:47:13-84
230            android:directBootAware="false"
230-->[androidx.work:work-runtime:2.9.0] AndroidManifest.xml:48:13-44
231            android:enabled="@bool/enable_system_job_service_default"
231-->[androidx.work:work-runtime:2.9.0] AndroidManifest.xml:49:13-70
232            android:exported="true"
232-->[androidx.work:work-runtime:2.9.0] AndroidManifest.xml:50:13-36
233            android:permission="android.permission.BIND_JOB_SERVICE" />
233-->[androidx.work:work-runtime:2.9.0] AndroidManifest.xml:51:13-69
234        <service
234-->[androidx.work:work-runtime:2.9.0] AndroidManifest.xml:53:9-59:35
235            android:name="androidx.work.impl.foreground.SystemForegroundService"
235-->[androidx.work:work-runtime:2.9.0] AndroidManifest.xml:54:13-81
236            android:directBootAware="false"
236-->[androidx.work:work-runtime:2.9.0] AndroidManifest.xml:55:13-44
237            android:enabled="@bool/enable_system_foreground_service_default"
237-->[androidx.work:work-runtime:2.9.0] AndroidManifest.xml:56:13-77
238            android:exported="false" />
238-->[androidx.work:work-runtime:2.9.0] AndroidManifest.xml:57:13-37
239
240        <receiver
240-->[androidx.work:work-runtime:2.9.0] AndroidManifest.xml:61:9-66:35
241            android:name="androidx.work.impl.utils.ForceStopRunnable$BroadcastReceiver"
241-->[androidx.work:work-runtime:2.9.0] AndroidManifest.xml:62:13-88
242            android:directBootAware="false"
242-->[androidx.work:work-runtime:2.9.0] AndroidManifest.xml:63:13-44
243            android:enabled="true"
243-->[androidx.work:work-runtime:2.9.0] AndroidManifest.xml:64:13-35
244            android:exported="false" />
244-->[androidx.work:work-runtime:2.9.0] AndroidManifest.xml:65:13-37
245        <receiver
245-->[androidx.work:work-runtime:2.9.0] AndroidManifest.xml:67:9-77:20
246            android:name="androidx.work.impl.background.systemalarm.ConstraintProxy$BatteryChargingProxy"
246-->[androidx.work:work-runtime:2.9.0] AndroidManifest.xml:68:13-106
247            android:directBootAware="false"
247-->[androidx.work:work-runtime:2.9.0] AndroidManifest.xml:69:13-44
248            android:enabled="false"
248-->[androidx.work:work-runtime:2.9.0] AndroidManifest.xml:70:13-36
249            android:exported="false" >
249-->[androidx.work:work-runtime:2.9.0] AndroidManifest.xml:71:13-37
250            <intent-filter>
250-->[androidx.work:work-runtime:2.9.0] AndroidManifest.xml:73:13-76:29
251                <action android:name="android.intent.action.ACTION_POWER_CONNECTED" />
251-->[androidx.work:work-runtime:2.9.0] AndroidManifest.xml:74:17-87
251-->[androidx.work:work-runtime:2.9.0] AndroidManifest.xml:74:25-84
252                <action android:name="android.intent.action.ACTION_POWER_DISCONNECTED" />
252-->[androidx.work:work-runtime:2.9.0] AndroidManifest.xml:75:17-90
252-->[androidx.work:work-runtime:2.9.0] AndroidManifest.xml:75:25-87
253            </intent-filter>
254        </receiver>
255        <receiver
255-->[androidx.work:work-runtime:2.9.0] AndroidManifest.xml:78:9-88:20
256            android:name="androidx.work.impl.background.systemalarm.ConstraintProxy$BatteryNotLowProxy"
256-->[androidx.work:work-runtime:2.9.0] AndroidManifest.xml:79:13-104
257            android:directBootAware="false"
257-->[androidx.work:work-runtime:2.9.0] AndroidManifest.xml:80:13-44
258            android:enabled="false"
258-->[androidx.work:work-runtime:2.9.0] AndroidManifest.xml:81:13-36
259            android:exported="false" >
259-->[androidx.work:work-runtime:2.9.0] AndroidManifest.xml:82:13-37
260            <intent-filter>
260-->[androidx.work:work-runtime:2.9.0] AndroidManifest.xml:84:13-87:29
261                <action android:name="android.intent.action.BATTERY_OKAY" />
261-->[androidx.work:work-runtime:2.9.0] AndroidManifest.xml:85:17-77
261-->[androidx.work:work-runtime:2.9.0] AndroidManifest.xml:85:25-74
262                <action android:name="android.intent.action.BATTERY_LOW" />
262-->[androidx.work:work-runtime:2.9.0] AndroidManifest.xml:86:17-76
262-->[androidx.work:work-runtime:2.9.0] AndroidManifest.xml:86:25-73
263            </intent-filter>
264        </receiver>
265        <receiver
265-->[androidx.work:work-runtime:2.9.0] AndroidManifest.xml:89:9-99:20
266            android:name="androidx.work.impl.background.systemalarm.ConstraintProxy$StorageNotLowProxy"
266-->[androidx.work:work-runtime:2.9.0] AndroidManifest.xml:90:13-104
267            android:directBootAware="false"
267-->[androidx.work:work-runtime:2.9.0] AndroidManifest.xml:91:13-44
268            android:enabled="false"
268-->[androidx.work:work-runtime:2.9.0] AndroidManifest.xml:92:13-36
269            android:exported="false" >
269-->[androidx.work:work-runtime:2.9.0] AndroidManifest.xml:93:13-37
270            <intent-filter>
270-->[androidx.work:work-runtime:2.9.0] AndroidManifest.xml:95:13-98:29
271                <action android:name="android.intent.action.DEVICE_STORAGE_LOW" />
271-->[androidx.work:work-runtime:2.9.0] AndroidManifest.xml:96:17-83
271-->[androidx.work:work-runtime:2.9.0] AndroidManifest.xml:96:25-80
272                <action android:name="android.intent.action.DEVICE_STORAGE_OK" />
272-->[androidx.work:work-runtime:2.9.0] AndroidManifest.xml:97:17-82
272-->[androidx.work:work-runtime:2.9.0] AndroidManifest.xml:97:25-79
273            </intent-filter>
274        </receiver>
275        <receiver
275-->[androidx.work:work-runtime:2.9.0] AndroidManifest.xml:100:9-109:20
276            android:name="androidx.work.impl.background.systemalarm.ConstraintProxy$NetworkStateProxy"
276-->[androidx.work:work-runtime:2.9.0] AndroidManifest.xml:101:13-103
277            android:directBootAware="false"
277-->[androidx.work:work-runtime:2.9.0] AndroidManifest.xml:102:13-44
278            android:enabled="false"
278-->[androidx.work:work-runtime:2.9.0] AndroidManifest.xml:103:13-36
279            android:exported="false" >
279-->[androidx.work:work-runtime:2.9.0] AndroidManifest.xml:104:13-37
280            <intent-filter>
280-->[androidx.work:work-runtime:2.9.0] AndroidManifest.xml:106:13-108:29
281                <action android:name="android.net.conn.CONNECTIVITY_CHANGE" />
281-->[androidx.work:work-runtime:2.9.0] AndroidManifest.xml:107:17-79
281-->[androidx.work:work-runtime:2.9.0] AndroidManifest.xml:107:25-76
282            </intent-filter>
283        </receiver>
284        <receiver
284-->[androidx.work:work-runtime:2.9.0] AndroidManifest.xml:110:9-121:20
285            android:name="androidx.work.impl.background.systemalarm.RescheduleReceiver"
285-->[androidx.work:work-runtime:2.9.0] AndroidManifest.xml:111:13-88
286            android:directBootAware="false"
286-->[androidx.work:work-runtime:2.9.0] AndroidManifest.xml:112:13-44
287            android:enabled="false"
287-->[androidx.work:work-runtime:2.9.0] AndroidManifest.xml:113:13-36
288            android:exported="false" >